<?xml version="1.0" encoding="UTF-8"?>
<!-- Generated by org.testng.reporters.JUnitReportReporter -->
<testsuite hostname="Taksha" failures="0" tests="3" name="PimPageTest.PimPageFunctionality" time="20.176" errors="0" timestamp="03 May 2022 17:53:42 GMT" skipped="0">
  <testcase classname="PimPageTest.PimPageFunctionality" name="validatePIMPageUrl" time="2.662"/>
  <testcase classname="PimPageTest.PimPageFunctionality" name="createnewPIMEmp" time="7.926"/>
  <testcase classname="PimPageTest.PimPageFunctionality" name="searchAndDelPIMEmp" time="9.588"/>
</testsuite> <!-- PimPageTest.PimPageFunctionality -->
