<?xml version="1.0" encoding="UTF-8"?>
<!-- Generated by org.testng.reporters.JUnitReportReporter -->
<testsuite hostname="Taksha" failures="0" tests="2" name="LoginPageTest.LoginTest" time="6.616" errors="0" timestamp="02 May 2022 18:58:29 GMT" skipped="0">
  <testcase classname="LoginPageTest.LoginTest" name="validateLogo" time="0.108"/>
  <testcase classname="LoginPageTest.LoginTest" name="logintest" time="6.508"/>
</testsuite> <!-- LoginPageTest.LoginTest -->
