<?xml version="1.0" encoding="UTF-8"?>
<!-- Generated by org.testng.reporters.JUnitReportReporter -->
<testsuite hostname="Taksha" failures="0" tests="6" name="HomePageTest.HomePageFunctionality" time="13.858" errors="0" timestamp="02 May 2022 18:56:50 GMT" skipped="0">
  <testcase classname="HomePageTest.HomePageFunctionality" name="validateHomePageLogo" time="6.339"/>
  <testcase classname="HomePageTest.HomePageFunctionality" name="validatehomepagetitle" time="0.018"/>
  <testcase classname="HomePageTest.HomePageFunctionality" name="validatehomepageUrl" time="0.013"/>
  <testcase classname="HomePageTest.HomePageFunctionality" name="enterPIM" time="2.650"/>
  <testcase classname="HomePageTest.HomePageFunctionality" name="enterAdmin" time="2.386"/>
  <testcase classname="HomePageTest.HomePageFunctionality" name="enterMyInfo" time="2.452"/>
</testsuite> <!-- HomePageTest.HomePageFunctionality -->
