<?xml version="1.0" encoding="UTF-8"?>
<!-- Generated by org.testng.reporters.JUnitReportReporter -->
<testsuite hostname="Taksha" failures="0" tests="3" name="AdminPageTest.AdminPageFunctionality" time="9.157" errors="0" timestamp="04 May 2022 11:52:15 GMT" skipped="0">
  <testcase classname="AdminPageTest.AdminPageFunctionality" name="validateAdminPage" time="0.022"/>
  <testcase classname="AdminPageTest.AdminPageFunctionality" name="createNewUser" time="6.715"/>
  <testcase classname="AdminPageTest.AdminPageFunctionality" name="deleteNewlyCreatedUser" time="2.420"/>
</testsuite> <!-- AdminPageTest.AdminPageFunctionality -->
